Compiling the CXX compiler identification source file "CMakeCXXCompilerId.cpp" failed.
Compiler:  
Build flags: 
Id flags:  

The output was:
1
Microsoft (R) Build Engine version 16.11.2+f32259642 for .NET Framework
Copyright (C) Microsoft Corporation. All rights reserved.

Build started 11/9/2022 9:12:40 AM.
Project "C:\Users\philippeqc\source\repos\vcpkg\vcpkgAndClang\buildMSBuildClang\CMakeFiles\3.24.3\CompilerIdCXX\CompilerIdCXX.vcxproj" on node 1 (default targets).
PrepareForBuild:
  Creating directory "Debug\".
  Creating directory "Debug\CompilerIdCXX.tlog\".
InitializeBuildStatus:
  Creating "Debug\CompilerIdCXX.tlog\unsuccessfulbuild" because "AlwaysCreate" was specified.
VcpkgTripletSelection:
  Using triplet "x86-windows" from "C:\Code\vcpkg\installed\x86-windows\"
  Using normalized configuration "Release"
VcpkgCheckManifestRoot:
  The vcpkg manifest was disabled, but we found a manifest file in C:\Users\philippeqc\source\repos\vcpkg\vcpkgAndClang\. You may want to enable vcpkg manifests in your properties page or pass /p:VcpkgEnableManifest=true to the msbuild invocation.
ClCompile:
  C:\Program Files (x86)\Microsoft Visual Studio\2019\Professional\VC\Tools\Llvm\bin\clang-cl.exe /c /I"C:\Code\vcpkg\installed\x86-windows\include" /nologo /W0 /WX- /diagnostics:column /Od /D _MBCS /EHsc /MDd /GS /fp:precise /Fo"Debug\\" /Gd /TP -m32  CMakeCXXCompilerId.cpp
Link:
  C:\Program Files (x86)\Microsoft Visual Studio\2019\Professional\VC\Tools\Llvm\bin\lld-link.exe /OUT:".\CompilerIdCXX.exe" /INCREMENTAL:NO /LIBPATH:"C:\Code\vcpkg\installed\x86-windows\lib" /LIBPATH:"C:\Code\vcpkg\installed\x86-windows\lib\manual-link" kernel32.lib user32.lib gdi32.lib winspool.lib comdlg32.lib advapi32.lib shell32.lib ole32.lib oleaut32.lib uuid.lib odbc32.lib odbccp32.lib "C:\Code\vcpkg\installed\x86-windows\lib\*.lib" /MANIFEST /MANIFESTUAC:"level='asInvoker' uiAccess='false'" /manifest:embed /PDB:".\CompilerIdCXX.pdb" /SUBSYSTEM:CONSOLE /DYNAMICBASE /NXCOMPAT /IMPLIB:".\CompilerIdCXX.lib"  Debug\CMakeCXXCompilerId.obj
lld-link : error : could not open 'C:\Code\vcpkg\installed\x86-windows\lib\*.lib': invalid argument [C:\Users\philippeqc\source\repos\vcpkg\vcpkgAndClang\buildMSBuildClang\CMakeFiles\3.24.3\CompilerIdCXX\CompilerIdCXX.vcxproj]
Done Building Project "C:\Users\philippeqc\source\repos\vcpkg\vcpkgAndClang\buildMSBuildClang\CMakeFiles\3.24.3\CompilerIdCXX\CompilerIdCXX.vcxproj" (default targets) -- FAILED.

Build FAILED.

"C:\Users\philippeqc\source\repos\vcpkg\vcpkgAndClang\buildMSBuildClang\CMakeFiles\3.24.3\CompilerIdCXX\CompilerIdCXX.vcxproj" (default target) (1) ->
(Link target) -> 
  lld-link : error : could not open 'C:\Code\vcpkg\installed\x86-windows\lib\*.lib': invalid argument [C:\Users\philippeqc\source\repos\vcpkg\vcpkgAndClang\buildMSBuildClang\CMakeFiles\3.24.3\CompilerIdCXX\CompilerIdCXX.vcxproj]

    0 Warning(s)
    1 Error(s)

Time Elapsed 00:00:01.00


Compiling the CXX compiler identification source file "CMakeCXXCompilerId.cpp" failed.
Compiler:  
Build flags: 
Id flags:  

The output was:
1
Microsoft (R) Build Engine version 16.11.2+f32259642 for .NET Framework
Copyright (C) Microsoft Corporation. All rights reserved.

Build started 11/9/2022 9:12:41 AM.
Project "C:\Users\philippeqc\source\repos\vcpkg\vcpkgAndClang\buildMSBuildClang\CMakeFiles\3.24.3\CompilerIdCXX\CompilerIdCXX.vcxproj" on node 1 (default targets).
PrepareForBuild:
  Creating directory "Debug\".
  Creating directory "Debug\CompilerIdCXX.tlog\".
InitializeBuildStatus:
  Creating "Debug\CompilerIdCXX.tlog\unsuccessfulbuild" because "AlwaysCreate" was specified.
VcpkgTripletSelection:
  Using triplet "x86-windows" from "C:\Code\vcpkg\installed\x86-windows\"
  Using normalized configuration "Release"
VcpkgCheckManifestRoot:
  The vcpkg manifest was disabled, but we found a manifest file in C:\Users\philippeqc\source\repos\vcpkg\vcpkgAndClang\. You may want to enable vcpkg manifests in your properties page or pass /p:VcpkgEnableManifest=true to the msbuild invocation.
ClCompile:
  C:\Program Files (x86)\Microsoft Visual Studio\2019\Professional\VC\Tools\Llvm\bin\clang-cl.exe /c /I"C:\Code\vcpkg\installed\x86-windows\include" /nologo /W0 /WX- /diagnostics:column /Od /D _MBCS /EHsc /MDd /GS /fp:precise /Fo"Debug\\" /Gd /TP -m32  CMakeCXXCompilerId.cpp
Link:
  C:\Program Files (x86)\Microsoft Visual Studio\2019\Professional\VC\Tools\Llvm\bin\lld-link.exe /OUT:".\CompilerIdCXX.exe" /INCREMENTAL:NO /LIBPATH:"C:\Code\vcpkg\installed\x86-windows\lib" /LIBPATH:"C:\Code\vcpkg\installed\x86-windows\lib\manual-link" kernel32.lib user32.lib gdi32.lib winspool.lib comdlg32.lib advapi32.lib shell32.lib ole32.lib oleaut32.lib uuid.lib odbc32.lib odbccp32.lib "C:\Code\vcpkg\installed\x86-windows\lib\*.lib" /MANIFEST /MANIFESTUAC:"level='asInvoker' uiAccess='false'" /manifest:embed /PDB:".\CompilerIdCXX.pdb" /SUBSYSTEM:CONSOLE /DYNAMICBASE /NXCOMPAT /IMPLIB:".\CompilerIdCXX.lib"  Debug\CMakeCXXCompilerId.obj
lld-link : error : could not open 'C:\Code\vcpkg\installed\x86-windows\lib\*.lib': invalid argument [C:\Users\philippeqc\source\repos\vcpkg\vcpkgAndClang\buildMSBuildClang\CMakeFiles\3.24.3\CompilerIdCXX\CompilerIdCXX.vcxproj]
Done Building Project "C:\Users\philippeqc\source\repos\vcpkg\vcpkgAndClang\buildMSBuildClang\CMakeFiles\3.24.3\CompilerIdCXX\CompilerIdCXX.vcxproj" (default targets) -- FAILED.

Build FAILED.

"C:\Users\philippeqc\source\repos\vcpkg\vcpkgAndClang\buildMSBuildClang\CMakeFiles\3.24.3\CompilerIdCXX\CompilerIdCXX.vcxproj" (default target) (1) ->
(Link target) -> 
  lld-link : error : could not open 'C:\Code\vcpkg\installed\x86-windows\lib\*.lib': invalid argument [C:\Users\philippeqc\source\repos\vcpkg\vcpkgAndClang\buildMSBuildClang\CMakeFiles\3.24.3\CompilerIdCXX\CompilerIdCXX.vcxproj]

    0 Warning(s)
    1 Error(s)

Time Elapsed 00:00:00.98


